Software/Android/Toygether/app/build/outputs/logs/manifest-merger-debug-report.txt
-- Merging decision tree log ---
manifest
ADDED from src\main\AndroidManifest.xml:2:1-54:12
INJECTED from src\main\AndroidManifest.xml:2:1-54:12
INJECTED from src\main\AndroidManifest.xml:2:1-54:12
INJECTED from src\main\AndroidManifest.xml:2:1-54:12
MERGED from [:esptouch] AndroidManifest.xml:2:1-15:12
MERGED from [com.android.support:appcompat-v7:26.1.0] AndroidManifest.xml:17:1-31:12
MERGED from [com.google.android.gms:play-services-vision:11.6.0] AndroidManifest.xml:2:1-5:12
MERGED from [com.android.support.constraint:constraint-layout:1.1.0] AndroidManifest.xml:2:1-11:12
MERGED from [com.android.support:animated-vector-drawable:26.1.0] AndroidManifest.xml:17:1-28:12
MERGED from [com.android.support:support-vector-drawable:26.1.0] AndroidManifest.xml:17:1-28:12
MERGED from [com.google.android.gms:play-services-vision-common:11.6.0] AndroidManifest.xml:2:1-5:12
MERGED from [com.google.android.gms:play-services-base:11.6.0] AndroidManifest.xml:16:1-21:12
MERGED from [com.google.android.gms:play-services-tasks:11.6.0] AndroidManifest.xml:2:1-5:12
MERGED from [com.google.android.gms:play-services-basement:11.6.0] AndroidManifest.xml:16:1-23:12
MERGED from [com.android.support:support-v4:26.1.0] AndroidManifest.xml:17:1-31:12
MERGED from [com.android.support:support-fragment:26.1.0] AndroidManifest.xml:17:1-31:12
MERGED from [com.android.support:support-core-ui:26.1.0] AndroidManifest.xml:17:1-31:12
MERGED from [com.android.support:support-media-compat:26.1.0] AndroidManifest.xml:17:1-31:12
MERGED from [com.android.support:support-core-utils:26.1.0] AndroidManifest.xml:17:1-31:12
MERGED from [com.android.support:support-compat:26.1.0] AndroidManifest.xml:17:1-31:12
MERGED from [com.google.android.gms:play-services-vision-license:11.6.0] AndroidManifest.xml:2:1-6:12
MERGED from [com.google.android.gms:play-services-base-license:11.6.0] AndroidManifest.xml:2:1-6:12
MERGED from [com.google.android.gms:play-services-basement-license:11.6.0] AndroidManifest.xml:2:1-6:12
MERGED from [com.google.android.gms:play-services-vision-common-license:11.6.0] AndroidManifest.xml:2:1-6:12
MERGED from [android.arch.lifecycle:runtime:1.0.0] AndroidManifest.xml:17:1-30:12
MERGED from [com.google.android.gms:play-services-tasks-license:11.6.0] AndroidManifest.xml:2:1-6:12
INJECTED from src\main\AndroidManifest.xml:2:1-54:12
INJECTED from src\main\AndroidManifest.xml:2:1-54:12
INJECTED from src\main\AndroidManifest.xml:2:1-54:12
	package
		ADDED from src\main\AndroidManifest.xml:3:5-53
		INJECTED from src\main\AndroidManifest.xml
		INJECTED from src\main\AndroidManifest.xml
	android:versionName
		INJECTED from src\main\AndroidManifest.xml
		ADDED from src\main\AndroidManifest.xml:2:1-54:12
		INJECTED from src\main\AndroidManifest.xml
	android:versionCode
		INJECTED from src\main\AndroidManifest.xml
		ADDED from src\main\AndroidManifest.xml:2:1-54:12
		INJECTED from src\main\AndroidManifest.xml
	xmlns:android
		ADDED from src\main\AndroidManifest.xml:2:11-69
uses-permission#android.permission.INTERNET
ADDED from src\main\AndroidManifest.xml:5:5-67
	android:name
		ADDED from src\main\AndroidManifest.xml:5:22-64
uses-permission#android.permission.ACCESS_WIFI_STATE
ADDED from src\main\AndroidManifest.xml:6:5-76
MERGED from [:esptouch] AndroidManifest.xml:11:5-76
MERGED from [:esptouch] AndroidManifest.xml:11:5-76
	android:name
		ADDED from src\main\AndroidManifest.xml:6:22-73
uses-permission#android.permission.ACCESS_NETWORK_STATE
ADDED from src\main\AndroidManifest.xml:7:5-79
	android:name
		ADDED from src\main\AndroidManifest.xml:7:22-76
uses-permission#android.permission.CHANGE_WIFI_MULTICAST_STATE
ADDED from src\main\AndroidManifest.xml:8:5-86
MERGED from [:esptouch] AndroidManifest.xml:12:5-86
MERGED from [:esptouch] AndroidManifest.xml:12:5-86
	android:name
		ADDED from src\main\AndroidManifest.xml:8:22-83
uses-permission#android.permission.CHANGE_WIFI_STATE
ADDED from src\main\AndroidManifest.xml:9:5-76
MERGED from [:esptouch] AndroidManifest.xml:13:5-76
MERGED from [:esptouch] AndroidManifest.xml:13:5-76
	android:name
		ADDED from src\main\AndroidManifest.xml:9:22-73
uses-permission#android.permission.CAMERA
ADDED from src\main\AndroidManifest.xml:10:5-65
	android:name
		ADDED from src\main\AndroidManifest.xml:10:22-62
application
ADDED from src\main\AndroidManifest.xml:12:5-52:19
MERGED from [com.android.support:appcompat-v7:26.1.0] AndroidManifest.xml:25:5-29:19
MERGED from [com.android.support:appcompat-v7:26.1.0] AndroidManifest.xml:25:5-29:19
MERGED from [com.google.android.gms:play-services-vision:11.6.0] AndroidManifest.xml:4:5-19
MERGED from [com.google.android.gms:play-services-vision:11.6.0] AndroidManifest.xml:4:5-19
MERGED from [com.android.support.constraint:constraint-layout:1.1.0] AndroidManifest.xml:9:5-20
MERGED from [com.android.support.constraint:constraint-layout:1.1.0] AndroidManifest.xml:9:5-20
MERGED from [com.android.support:animated-vector-drawable:26.1.0] AndroidManifest.xml:22:5-26:19
MERGED from [com.android.support:animated-vector-drawable:26.1.0] AndroidManifest.xml:22:5-26:19
MERGED from [com.android.support:support-vector-drawable:26.1.0] AndroidManifest.xml:22:5-26:19
MERGED from [com.android.support:support-vector-drawable:26.1.0] AndroidManifest.xml:22:5-26:19
MERGED from [com.google.android.gms:play-services-vision-common:11.6.0] AndroidManifest.xml:4:5-19
MERGED from [com.google.android.gms:play-services-vision-common:11.6.0] AndroidManifest.xml:4:5-19
MERGED from [com.google.android.gms:play-services-base:11.6.0] AndroidManifest.xml:18:5-20:19
MERGED from [com.google.android.gms:play-services-base:11.6.0] AndroidManifest.xml:18:5-20:19
MERGED from [com.google.android.gms:play-services-tasks:11.6.0] AndroidManifest.xml:4:5-19
MERGED from [com.google.android.gms:play-services-tasks:11.6.0] AndroidManifest.xml:4:5-19
MERGED from [com.google.android.gms:play-services-basement:11.6.0] AndroidManifest.xml:19:5-21:19
MERGED from [com.google.android.gms:play-services-basement:11.6.0] AndroidManifest.xml:19:5-21:19
MERGED from [com.android.support:support-v4:26.1.0] AndroidManifest.xml:25:5-29:19
MERGED from [com.android.support:support-v4:26.1.0] AndroidManifest.xml:25:5-29:19
MERGED from [com.android.support:support-fragment:26.1.0] AndroidManifest.xml:25:5-29:19
MERGED from [com.android.support:support-fragment:26.1.0] AndroidManifest.xml:25:5-29:19
MERGED from [com.android.support:support-core-ui:26.1.0] AndroidManifest.xml:25:5-29:19
MERGED from [com.android.support:support-core-ui:26.1.0] AndroidManifest.xml:25:5-29:19
MERGED from [com.android.support:support-media-compat:26.1.0] AndroidManifest.xml:25:5-29:19
MERGED from [com.android.support:support-media-compat:26.1.0] AndroidManifest.xml:25:5-29:19
MERGED from [com.android.support:support-core-utils:26.1.0] AndroidManifest.xml:25:5-29:19
MERGED from [com.android.support:support-core-utils:26.1.0] AndroidManifest.xml:25:5-29:19
MERGED from [com.android.support:support-compat:26.1.0] AndroidManifest.xml:25:5-29:19
MERGED from [com.android.support:support-compat:26.1.0] AndroidManifest.xml:25:5-29:19
MERGED from [com.google.android.gms:play-services-vision-license:11.6.0] AndroidManifest.xml:5:5-20
MERGED from [com.google.android.gms:play-services-vision-license:11.6.0] AndroidManifest.xml:5:5-20
MERGED from [com.google.android.gms:play-services-base-license:11.6.0] AndroidManifest.xml:5:5-20
MERGED from [com.google.android.gms:play-services-base-license:11.6.0] AndroidManifest.xml:5:5-20
MERGED from [com.google.android.gms:play-services-basement-license:11.6.0] AndroidManifest.xml:5:5-20
MERGED from [com.google.android.gms:play-services-basement-license:11.6.0] AndroidManifest.xml:5:5-20
MERGED from [com.google.android.gms:play-services-vision-common-license:11.6.0] AndroidManifest.xml:5:5-20
MERGED from [com.google.android.gms:play-services-vision-common-license:11.6.0] AndroidManifest.xml:5:5-20
MERGED from [android.arch.lifecycle:runtime:1.0.0] AndroidManifest.xml:24:5-28:19
MERGED from [android.arch.lifecycle:runtime:1.0.0] AndroidManifest.xml:24:5-28:19
MERGED from [com.google.android.gms:play-services-tasks-license:11.6.0] AndroidManifest.xml:5:5-20
MERGED from [com.google.android.gms:play-services-tasks-license:11.6.0] AndroidManifest.xml:5:5-20
	android:supportsRtl
		ADDED from src\main\AndroidManifest.xml:17:9-35
	android:label
		ADDED from src\main\AndroidManifest.xml:15:9-41
	android:roundIcon
		ADDED from src\main\AndroidManifest.xml:16:9-54
	android:icon
		ADDED from src\main\AndroidManifest.xml:14:9-43
	android:allowBackup
		ADDED from src\main\AndroidManifest.xml:13:9-35
	android:theme
		ADDED from src\main\AndroidManifest.xml:18:9-40
activity#ch.epfl.chic.napac.toygether.toygether.SplashActivity
ADDED from src\main\AndroidManifest.xml:19:9-27:20
	android:theme
		ADDED from src\main\AndroidManifest.xml:21:13-47
	android:name
		ADDED from src\main\AndroidManifest.xml:20:13-43
intent-filter#android.intent.action.MAIN+android.intent.category.LAUNCHER
ADDED from src\main\AndroidManifest.xml:22:13-26:29
action#android.intent.action.MAIN
ADDED from src\main\AndroidManifest.xml:23:17-69
	android:name
		ADDED from src\main\AndroidManifest.xml:23:25-66
category#android.intent.category.LAUNCHER
ADDED from src\main\AndroidManifest.xml:25:17-77
	android:name
		ADDED from src\main\AndroidManifest.xml:25:27-74
activity#ch.epfl.chic.napac.toygether.toygether.SignUpActivity
ADDED from src\main\AndroidManifest.xml:28:9-52
	android:name
		ADDED from src\main\AndroidManifest.xml:28:19-49
activity#ch.epfl.chic.napac.toygether.toygether.SignInActivity
ADDED from src\main\AndroidManifest.xml:29:9-52
	android:name
		ADDED from src\main\AndroidManifest.xml:29:19-49
activity#ch.epfl.chic.napac.toygether.toygether.PasswordForgottenActivity
ADDED from src\main\AndroidManifest.xml:30:9-63
	android:name
		ADDED from src\main\AndroidManifest.xml:30:19-60
activity#ch.epfl.chic.napac.toygether.toygether.SettingsActivity
ADDED from src\main\AndroidManifest.xml:31:9-54
	android:name
		ADDED from src\main\AndroidManifest.xml:31:19-51
activity#ch.epfl.chic.napac.toygether.toygether.ToysEmptyActivity
ADDED from src\main\AndroidManifest.xml:32:9-55
	android:name
		ADDED from src\main\AndroidManifest.xml:32:19-52
activity#ch.epfl.chic.napac.toygether.toygether.QRCodeActivity
ADDED from src\main\AndroidManifest.xml:33:9-52
	android:name
		ADDED from src\main\AndroidManifest.xml:33:19-49
activity#ch.epfl.chic.napac.toygether.toygether.barcode.BarcodeCaptureActivity
ADDED from src\main\AndroidManifest.xml:34:9-68
	android:name
		ADDED from src\main\AndroidManifest.xml:34:19-65
activity#ch.epfl.chic.napac.toygether.toygether.SmartConfigActivity
ADDED from src\main\AndroidManifest.xml:35:9-37:40
	android:noHistory
		ADDED from src\main\AndroidManifest.xml:37:13-37
	android:name
		ADDED from src\main\AndroidManifest.xml:36:13-48
activity#ch.epfl.chic.napac.toygether.toygether.SaveNewToyActivity
ADDED from src\main\AndroidManifest.xml:38:9-56
	android:name
		ADDED from src\main\AndroidManifest.xml:38:19-53
activity#ch.epfl.chic.napac.toygether.toygether.ToysOneLinkedActivity
ADDED from src\main\AndroidManifest.xml:39:9-59
	android:name
		ADDED from src\main\AndroidManifest.xml:39:19-56
activity#ch.epfl.chic.napac.toygether.toygether.SettingsNotificationsActivity
ADDED from src\main\AndroidManifest.xml:40:9-67
	android:name
		ADDED from src\main\AndroidManifest.xml:40:19-64
activity#ch.epfl.chic.napac.toygether.toygether.LinkNewToyIntroActivity
ADDED from src\main\AndroidManifest.xml:41:9-61
	android:name
		ADDED from src\main\AndroidManifest.xml:41:19-58
activity#ch.epfl.chic.napac.toygether.toygether.WaitingForToyActivity
ADDED from src\main\AndroidManifest.xml:42:9-44:40
	android:noHistory
		ADDED from src\main\AndroidManifest.xml:44:13-37
	android:name
		ADDED from src\main\AndroidManifest.xml:43:13-50
activity#ch.epfl.chic.napac.toygether.toygether.PlayingActivity
ADDED from src\main\AndroidManifest.xml:45:9-53
	android:name
		ADDED from src\main\AndroidManifest.xml:45:19-50
meta-data#preloaded_fonts
ADDED from src\main\AndroidManifest.xml:47:9-49:57
	android:resource
		ADDED from src\main\AndroidManifest.xml:49:13-54
	android:name
		ADDED from src\main\AndroidManifest.xml:48:13-43
activity#ch.epfl.chic.napac.toygether.toygether.IntroUserActivity
ADDED from src\main\AndroidManifest.xml:51:9-64
	android:name
		ADDED from src\main\AndroidManifest.xml:51:19-52
uses-sdk
INJECTED from src\main\AndroidManifest.xml reason: use-sdk injection requested
INJECTED from src\main\AndroidManifest.xml
INJECTED from src\main\AndroidManifest.xml
MERGED from [:esptouch] AndroidManifest.xml:7:5-9:41
MERGED from [:esptouch] AndroidManifest.xml:7:5-9:41
MERGED from [com.android.support:appcompat-v7:26.1.0] AndroidManifest.xml:21:5-23:78
MERGED from [com.android.support:appcompat-v7:26.1.0] AndroidManifest.xml:21:5-23:78
MERGED from [com.google.android.gms:play-services-vision:11.6.0] AndroidManifest.xml:3:5-43
MERGED from [com.google.android.gms:play-services-vision:11.6.0] AndroidManifest.xml:3:5-43
MERGED from [com.android.support.constraint:constraint-layout:1.1.0] AndroidManifest.xml:5:5-7:41
MERGED from [com.android.support.constraint:constraint-layout:1.1.0] AndroidManifest.xml:5:5-7:41
MERGED from [com.android.support:animated-vector-drawable:26.1.0] AndroidManifest.xml:20:5-44
MERGED from [com.android.support:animated-vector-drawable:26.1.0] AndroidManifest.xml:20:5-44
MERGED from [com.android.support:support-vector-drawable:26.1.0] AndroidManifest.xml:20:5-44
MERGED from [com.android.support:support-vector-drawable:26.1.0] AndroidManifest.xml:20:5-44
MERGED from [com.google.android.gms:play-services-vision-common:11.6.0] AndroidManifest.xml:3:5-43
MERGED from [com.google.android.gms:play-services-vision-common:11.6.0] AndroidManifest.xml:3:5-43
MERGED from [com.google.android.gms:play-services-base:11.6.0] AndroidManifest.xml:17:5-43
MERGED from [com.google.android.gms:play-services-base:11.6.0] AndroidManifest.xml:17:5-43
MERGED from [com.google.android.gms:play-services-tasks:11.6.0] AndroidManifest.xml:3:5-43
MERGED from [com.google.android.gms:play-services-tasks:11.6.0] AndroidManifest.xml:3:5-43
MERGED from [com.google.android.gms:play-services-basement:11.6.0] AndroidManifest.xml:17:5-43
MERGED from [com.google.android.gms:play-services-basement:11.6.0] AndroidManifest.xml:17:5-43
MERGED from [com.android.support:support-v4:26.1.0] AndroidManifest.xml:21:5-23:54
MERGED from [com.android.support:support-v4:26.1.0] AndroidManifest.xml:21:5-23:54
MERGED from [com.android.support:support-fragment:26.1.0] AndroidManifest.xml:21:5-23:60
MERGED from [com.android.support:support-fragment:26.1.0] AndroidManifest.xml:21:5-23:60
MERGED from [com.android.support:support-core-ui:26.1.0] AndroidManifest.xml:21:5-23:58
MERGED from [com.android.support:support-core-ui:26.1.0] AndroidManifest.xml:21:5-23:58
MERGED from [com.android.support:support-media-compat:26.1.0] AndroidManifest.xml:21:5-23:63
MERGED from [com.android.support:support-media-compat:26.1.0] AndroidManifest.xml:21:5-23:63
MERGED from [com.android.support:support-core-utils:26.1.0] AndroidManifest.xml:21:5-23:61
MERGED from [com.android.support:support-core-utils:26.1.0] AndroidManifest.xml:21:5-23:61
MERGED from [com.android.support:support-compat:26.1.0] AndroidManifest.xml:21:5-23:58
MERGED from [com.android.support:support-compat:26.1.0] AndroidManifest.xml:21:5-23:58
MERGED from [com.google.android.gms:play-services-vision-license:11.6.0] AndroidManifest.xml:4:5-43
MERGED from [com.google.android.gms:play-services-vision-license:11.6.0] AndroidManifest.xml:4:5-43
MERGED from [com.google.android.gms:play-services-base-license:11.6.0] AndroidManifest.xml:4:5-43
MERGED from [com.google.android.gms:play-services-base-license:11.6.0] AndroidManifest.xml:4:5-43
MERGED from [com.google.android.gms:play-services-basement-license:11.6.0] AndroidManifest.xml:4:5-43
MERGED from [com.google.android.gms:play-services-basement-license:11.6.0] AndroidManifest.xml:4:5-43
MERGED from [com.google.android.gms:play-services-vision-common-license:11.6.0] AndroidManifest.xml:4:5-43
MERGED from [com.google.android.gms:play-services-vision-common-license:11.6.0] AndroidManifest.xml:4:5-43
MERGED from [android.arch.lifecycle:runtime:1.0.0] AndroidManifest.xml:20:5-22:41
MERGED from [android.arch.lifecycle:runtime:1.0.0] AndroidManifest.xml:20:5-22:41
MERGED from [com.google.android.gms:play-services-tasks-license:11.6.0] AndroidManifest.xml:4:5-43
MERGED from [com.google.android.gms:play-services-tasks-license:11.6.0] AndroidManifest.xml:4:5-43
INJECTED from src\main\AndroidManifest.xml
INJECTED from src\main\AndroidManifest.xml
	tools:overrideLibrary
		ADDED from [com.android.support:appcompat-v7:26.1.0] AndroidManifest.xml:23:9-75
	android:targetSdkVersion
		INJECTED from src\main\AndroidManifest.xml
		ADDED from src\main\AndroidManifest.xml
		INJECTED from src\main\AndroidManifest.xml
	android:minSdkVersion
		INJECTED from src\main\AndroidManifest.xml
		ADDED from src\main\AndroidManifest.xml
		INJECTED from src\main\AndroidManifest.xml
meta-data#android.support.VERSION
ADDED from [com.android.support:appcompat-v7:26.1.0] AndroidManifest.xml:26:9-28:38
MERGED from [com.android.support:animated-vector-drawable:26.1.0] AndroidManifest.xml:23:9-25:38
MERGED from [com.android.support:animated-vector-drawable:26.1.0] AndroidManifest.xml:23:9-25:38
MERGED from [com.android.support:support-vector-drawable:26.1.0] AndroidManifest.xml:23:9-25:38
MERGED from [com.android.support:support-vector-drawable:26.1.0] AndroidManifest.xml:23:9-25:38
MERGED from [com.android.support:support-v4:26.1.0] AndroidManifest.xml:26:9-28:38
MERGED from [com.android.support:support-v4:26.1.0] AndroidManifest.xml:26:9-28:38
MERGED from [com.android.support:support-fragment:26.1.0] AndroidManifest.xml:26:9-28:38
MERGED from [com.android.support:support-fragment:26.1.0] AndroidManifest.xml:26:9-28:38
MERGED from [com.android.support:support-core-ui:26.1.0] AndroidManifest.xml:26:9-28:38
MERGED from [com.android.support:support-core-ui:26.1.0] AndroidManifest.xml:26:9-28:38
MERGED from [com.android.support:support-media-compat:26.1.0] AndroidManifest.xml:26:9-28:38
MERGED from [com.android.support:support-media-compat:26.1.0] AndroidManifest.xml:26:9-28:38
MERGED from [com.android.support:support-core-utils:26.1.0] AndroidManifest.xml:26:9-28:38
MERGED from [com.android.support:support-core-utils:26.1.0] AndroidManifest.xml:26:9-28:38
MERGED from [com.android.support:support-compat:26.1.0] AndroidManifest.xml:26:9-28:38
MERGED from [com.android.support:support-compat:26.1.0] AndroidManifest.xml:26:9-28:38
	android:value
		ADDED from [com.android.support:appcompat-v7:26.1.0] AndroidManifest.xml:28:13-35
	android:name
		ADDED from [com.android.support:appcompat-v7:26.1.0] AndroidManifest.xml:27:13-51
activity#com.google.android.gms.common.api.GoogleApiActivity
ADDED from [com.google.android.gms:play-services-base:11.6.0] AndroidManifest.xml:19:9-172
	android:exported
		ADDED from [com.google.android.gms:play-services-base:11.6.0] AndroidManifest.xml:19:146-170
	android:theme
		ADDED from [com.google.android.gms:play-services-base:11.6.0] AndroidManifest.xml:19:86-145
	android:name
		ADDED from [com.google.android.gms:play-services-base:11.6.0] AndroidManifest.xml:19:19-85
meta-data#com.google.android.gms.version
ADDED from [com.google.android.gms:play-services-basement:11.6.0] AndroidManifest.xml:20:9-121
	android:value
		ADDED from [com.google.android.gms:play-services-basement:11.6.0] AndroidManifest.xml:20:66-119
	android:name
		ADDED from [com.google.android.gms:play-services-basement:11.6.0] AndroidManifest.xml:20:20-65
meta-data#android.arch.lifecycle.VERSION
ADDED from [android.arch.lifecycle:runtime:1.0.0] AndroidManifest.xml:25:9-27:47
	android:value
		ADDED from [android.arch.lifecycle:runtime:1.0.0] AndroidManifest.xml:27:13-44
	android:name
		ADDED from [android.arch.lifecycle:runtime:1.0.0] AndroidManifest.xml:26:13-58